<?xml version="1.0" encoding="UTF-8"?>
<testsuite name="com.docesforg.bura.server.security.JwtAuthFilterTest" tests="3" skipped="0" failures="0" errors="0" timestamp="2026-05-30T14:13:36.454Z" hostname="VITALPC" time="0.174">
  <properties/>
  <testcase name="supportsDoubleBearerPrefixFromMisconfiguredClients()" classname="com.docesforg.bura.server.security.JwtAuthFilterTest" time="0.17"/>
  <testcase name="convertsNumericUidClaimToLongPrincipal()" classname="com.docesforg.bura.server.security.JwtAuthFilterTest" time="0.002"/>
  <testcase name="readsTokenFromQueryForAdminPanel()" classname="com.docesforg.bura.server.security.JwtAuthFilterTest" time="0.001"/>
  <system-out><![CDATA[]]></system-out>
  <system-err><![CDATA[]]></system-err>
</testsuite>
