<?xml version="1.0" encoding="UTF-8"?>
<testsuite name="com.docesforg.bura.server.security.AccountAccessEvaluatorTest" tests="4" skipped="0" failures="0" errors="0" timestamp="2026-05-30T14:13:36.435Z" hostname="VITALPC" time="0.017">
  <properties/>
  <testcase name="allowsAdminRegardlessOfAccountId()" classname="com.docesforg.bura.server.security.AccountAccessEvaluatorTest" time="0.013"/>
  <testcase name="returnsFalseWhenPrincipalMissing()" classname="com.docesforg.bura.server.security.AccountAccessEvaluatorTest" time="0.001"/>
  <testcase name="allowsOnlyMatchingAccountForRegularUser()" classname="com.docesforg.bura.server.security.AccountAccessEvaluatorTest" time="0.0"/>
  <testcase name="returnsFalseWhenAuthenticationMissing()" classname="com.docesforg.bura.server.security.AccountAccessEvaluatorTest" time="0.0"/>
  <system-out><![CDATA[]]></system-out>
  <system-err><![CDATA[]]></system-err>
</testsuite>
