<?xml version="1.0" encoding="UTF-8"?>
<testsuite name="com.docesforg.bura.server.stats.UserStatsControllerTest" tests="2" skipped="0" failures="0" errors="0" timestamp="2026-05-30T14:13:37.404Z" hostname="VITALPC" time="0.008">
  <properties/>
  <testcase name="returnsAggregatedStatsWithSupportRequest()" classname="com.docesforg.bura.server.stats.UserStatsControllerTest" time="0.005"/>
  <testcase name="returnsZeroSupportRequestsWhenConversationMissing()" classname="com.docesforg.bura.server.stats.UserStatsControllerTest" time="0.003"/>
  <system-out><![CDATA[]]></system-out>
  <system-err><![CDATA[]]></system-err>
</testsuite>
