<?xml version="1.0" encoding="UTF-8"?>
<testsuite name="com.docesforg.bura.server.security.JwtServiceTest" tests="2" skipped="0" failures="0" errors="0" timestamp="2026-05-30T14:13:36.630Z" hostname="VITALPC" time="0.772">
  <properties/>
  <testcase name="parseRejectsInvalidToken()" classname="com.docesforg.bura.server.security.JwtServiceTest" time="0.589"/>
  <testcase name="createAndParseToken()" classname="com.docesforg.bura.server.security.JwtServiceTest" time="0.183"/>
  <system-out><![CDATA[]]></system-out>
  <system-err><![CDATA[]]></system-err>
</testsuite>
