<?xml version="1.0" encoding="UTF-8"?>
<testsuite name="com.docesforg.bura.server.favorite.FavoriteCityControllerTest" tests="6" skipped="0" failures="0" errors="0" timestamp="2026-05-30T14:13:36.409Z" hostname="VITALPC" time="0.023">
  <properties/>
  <testcase name="searchUsesRepositoryFilterAndMapsResult()" classname="com.docesforg.bura.server.favorite.FavoriteCityControllerTest" time="0.006"/>
  <testcase name="updateChangesExistingFavorite()" classname="com.docesforg.bura.server.favorite.FavoriteCityControllerTest" time="0.007"/>
  <testcase name="deleteRemovesExistingFavorite()" classname="com.docesforg.bura.server.favorite.FavoriteCityControllerTest" time="0.001"/>
  <testcase name="listReturnsMappedDtos()" classname="com.docesforg.bura.server.favorite.FavoriteCityControllerTest" time="0.001"/>
  <testcase name="createBuildsEntityAndReturnsSavedDto()" classname="com.docesforg.bura.server.favorite.FavoriteCityControllerTest" time="0.002"/>
  <testcase name="updateThrowsNotFoundWhenFavoriteMissing()" classname="com.docesforg.bura.server.favorite.FavoriteCityControllerTest" time="0.003"/>
  <system-out><![CDATA[]]></system-out>
  <system-err><![CDATA[]]></system-err>
</testsuite>
